<?xml version="1.0" encoding="UTF-8"?>
<!-- Generated by org.testng.reporters.JUnitReportReporter -->
<testsuite hostname="DESKTOP-1A7N0B8" failures="0" tests="1" name="advertiser_testcases.Edit_Audience" time="44.445" errors="0" timestamp="14 Jul 2020 10:21:56 GMT">
  <testcase classname="advertiser_testcases.Edit_Audience" name="editAudience" time="44.445"/>
</testsuite> <!-- advertiser_testcases.Edit_Audience -->
