<?xml version="1.0" encoding="UTF-8"?>
<!-- Generated by org.testng.reporters.JUnitReportReporter -->
<testsuite hostname="DESKTOP-1A7N0B8" failures="0" tests="1" name="advertiser_testcases.Edit_Audience" time="48.270" errors="0" timestamp="16 Jul 2020 10:19:42 GMT">
  <testcase classname="advertiser_testcases.Edit_Audience" name="editAudience" time="48.270"/>
</testsuite> <!-- advertiser_testcases.Edit_Audience -->
