<?xml version="1.0" encoding="UTF-8"?>
<!-- Generated by org.testng.reporters.JUnitReportReporter -->
<testsuite hostname="DESKTOP-1A7N0B8" failures="0" tests="1" name="advertiser_testcases.Demo" time="19.572" errors="0" timestamp="13 Jul 2020 10:35:11 GMT">
  <testcase classname="advertiser_testcases.Demo" name="advertiserlogin" time="19.572"/>
</testsuite> <!-- advertiser_testcases.Demo -->
