<?xml version="1.0" encoding="UTF-8"?>
<!-- Generated by org.testng.reporters.JUnitReportReporter -->
<testsuite hostname="DESKTOP-1A7N0B8" failures="0" tests="1" name="advertiser_testcases.Edit_Profile" time="48.971" errors="0" timestamp="16 Jul 2020 10:14:48 GMT">
  <testcase classname="advertiser_testcases.Edit_Profile" name="advertisereditprofile" time="48.971"/>
</testsuite> <!-- advertiser_testcases.Edit_Profile -->
