<?xml version="1.0" encoding="UTF-8"?>
<!-- Generated by org.testng.reporters.JUnitReportReporter -->
<testsuite hostname="DESKTOP-1A7N0B8" failures="0" tests="1" name="advertiser_testcases.Login" time="19.431" errors="0" timestamp="14 Jul 2020 11:07:38 GMT">
  <testcase classname="advertiser_testcases.Login" name="advertiserlogin" time="19.431"/>
</testsuite> <!-- advertiser_testcases.Login -->
