<?xml version="1.0" encoding="UTF-8"?>
<!-- Generated by org.testng.reporters.JUnitReportReporter -->
<testsuite hostname="DESKTOP-1A7N0B8" failures="0" tests="1" name="advertiser_testcases.Send_Invitations" time="29.363" errors="0" timestamp="15 Jul 2020 12:44:17 GMT">
  <testcase classname="advertiser_testcases.Send_Invitations" name="sendInvite" time="29.363"/>
</testsuite> <!-- advertiser_testcases.Send_Invitations -->
