<?xml version="1.0" encoding="UTF-8"?>
<!-- Generated by org.testng.reporters.JUnitReportReporter -->
<testsuite hostname="DESKTOP-1A7N0B8" failures="0" tests="1" name="publisher_IndiaTestCases.PUBEditSlotTest" time="35.024" errors="0" timestamp="2020-09-24T17:09:44 IST" skipped="0">
  <testcase classname="publisher_IndiaTestCases.PUBEditSlotTest" name="editSlot" time="35.024"/>
  <system-out/>
</testsuite> <!-- publisher_IndiaTestCases.PUBEditSlotTest -->
