<?xml version="1.0" encoding="UTF-8"?>
<!-- Generated by org.testng.reporters.JUnitReportReporter -->
<testsuite hostname="DESKTOP-1A7N0B8" failures="0" tests="1" name="advertiser_testcases.Edit_Campaign" time="46.627" errors="0" timestamp="2020-08-18T16:05:34 IST" skipped="0">
  <testcase classname="advertiser_testcases.Edit_Campaign" name="editCampaign" time="46.627"/>
  <system-out/>
</testsuite> <!-- advertiser_testcases.Edit_Campaign -->
