<?xml version="1.0" encoding="UTF-8"?>
<!-- Generated by org.testng.reporters.JUnitReportReporter -->
<testsuite hostname="DESKTOP-1A7N0B8" failures="0" tests="1" name="advertiser_testcases.Add_Campaign" time="72.811" errors="0" timestamp="2020-07-31T11:51:50 IST" skipped="0">
  <testcase classname="advertiser_testcases.Add_Campaign" name="newCampaign" time="72.811"/>
  <system-out/>
</testsuite> <!-- advertiser_testcases.Add_Campaign -->
