<?xml version="1.0" encoding="UTF-8"?>
<!-- Generated by org.testng.reporters.JUnitReportReporter -->
<testsuite hostname="DESKTOP-1A7N0B8" failures="0" tests="1" name="advertiser_testcases.Delete_Audience" time="31.725" errors="0" timestamp="14 Jul 2020 10:51:05 GMT">
  <testcase classname="advertiser_testcases.Delete_Audience" name="deleteAudience" time="31.725"/>
</testsuite> <!-- advertiser_testcases.Delete_Audience -->
