<?xml version="1.0" encoding="UTF-8"?>
<!-- Generated by org.testng.reporters.JUnitReportReporter -->
<testsuite hostname="DESKTOP-1A7N0B8" failures="0" tests="1" name="advertiser_testcases.Logout" time="25.242" errors="0" timestamp="15 Jul 2020 11:36:57 GMT">
  <testcase classname="advertiser_testcases.Logout" name="advertiserlogout" time="25.242"/>
</testsuite> <!-- advertiser_testcases.Logout -->
