<?xml version="1.0" encoding="UTF-8"?>
<!-- Generated by org.testng.reporters.JUnitReportReporter -->
<testsuite hostname="DESKTOP-1A7N0B8" failures="0" tests="1" name="advertiser_testcases.Edit_Audience" time="53.144" errors="0" timestamp="17 Jul 2020 06:03:54 GMT">
  <testcase classname="advertiser_testcases.Edit_Audience" name="editAudience" time="53.144"/>
</testsuite> <!-- advertiser_testcases.Edit_Audience -->
