<?xml version="1.0" encoding="UTF-8"?>
<!-- Generated by org.testng.reporters.JUnitReportReporter -->
<testsuite hostname="DESKTOP-1A7N0B8" failures="0" tests="1" name="advertiser_testcases.Audience_variations" time="52.540" errors="0" timestamp="16 Jul 2020 05:41:29 GMT">
  <testcase classname="advertiser_testcases.Audience_variations" name="createAudienceVariation" time="52.540"/>
</testsuite> <!-- advertiser_testcases.Audience_variations -->
