<?xml version="1.0" encoding="UTF-8"?>
<!-- Generated by org.testng.reporters.JUnitReportReporter -->
<testsuite hostname="DESKTOP-1A7N0B8" failures="0" tests="1" name="publisher_IndiaTestCases.PUBLoginPageTest" time="18.674" errors="0" timestamp="2020-08-25T15:11:22 IST" skipped="0">
  <testcase classname="publisher_IndiaTestCases.PUBLoginPageTest" name="advertiserlogin" time="18.674"/>
  <system-out/>
</testsuite> <!-- publisher_IndiaTestCases.PUBLoginPageTest -->
