<?xml version="1.0" encoding="UTF-8"?>
<!-- Generated by org.testng.reporters.JUnitReportReporter -->
<testsuite hostname="DESKTOP-1A7N0B8" failures="0" tests="1" name="advertiser_testcases.Login" time="13.963" errors="0" timestamp="2020-07-28T13:58:35 IST" skipped="0">
  <testcase classname="advertiser_testcases.Login" name="advertiserlogin" time="13.963"/>
  <system-out/>
</testsuite> <!-- advertiser_testcases.Login -->
