<?xml version="1.0" encoding="UTF-8"?>
<!-- Generated by org.testng.reporters.JUnitReportReporter -->
<testsuite hostname="DESKTOP-1A7N0B8" failures="0" tests="1" name="advertiser_testcases.CreativeHub_Images" time="49.266" errors="0" timestamp="24 Jul 2020 10:48:20 GMT">
  <testcase classname="advertiser_testcases.CreativeHub_Images" name="uploadImages" time="49.266"/>
</testsuite> <!-- advertiser_testcases.CreativeHub_Images -->
