<?xml version="1.0" encoding="UTF-8"?>
<!-- Generated by org.testng.reporters.JUnitReportReporter -->
<testsuite hostname="DESKTOP-1A7N0B8" failures="0" tests="1" name="publisher_IndiaTestCases.PUBNewSlotTest" time="34.212" errors="0" timestamp="2020-08-31T17:56:01 IST" skipped="0">
  <testcase classname="publisher_IndiaTestCases.PUBNewSlotTest" name="createNewSlot" time="34.212"/>
  <system-out/>
</testsuite> <!-- publisher_IndiaTestCases.PUBNewSlotTest -->
