<?xml version="1.0" encoding="UTF-8"?>
<!-- Generated by org.testng.reporters.JUnitReportReporter -->
<testsuite hostname="DESKTOP-1A7N0B8" failures="0" tests="1" name="advertiser_testcases.Audience" time="37.838" errors="0" timestamp="14 Jul 2020 10:50:02 GMT">
  <testcase classname="advertiser_testcases.Audience" name="createAudience" time="37.838"/>
</testsuite> <!-- advertiser_testcases.Audience -->
