<?xml version="1.0" encoding="UTF-8"?>
<!-- Generated by org.testng.reporters.JUnitReportReporter -->
<testsuite hostname="DESKTOP-1A7N0B8" failures="0" tests="1" name="advertiser_testcases.CreativeHub_Images" time="44.332" errors="0" timestamp="21 Jul 2020 09:35:48 GMT">
  <testcase classname="advertiser_testcases.CreativeHub_Images" name="uploadImages" time="44.332"/>
</testsuite> <!-- advertiser_testcases.CreativeHub_Images -->
