<?xml version="1.0" encoding="UTF-8"?>
<!-- Generated by org.testng.reporters.JUnitReportReporter -->
<testsuite hostname="DESKTOP-1A7N0B8" failures="0" tests="1" name="advertiser_testcases.Add_Campaign" time="57.111" errors="0" timestamp="22 Jul 2020 12:11:24 GMT">
  <testcase classname="advertiser_testcases.Add_Campaign" name="newCampaign" time="57.111"/>
</testsuite> <!-- advertiser_testcases.Add_Campaign -->
