<?xml version="1.0" encoding="UTF-8"?>
<!-- Generated by org.testng.reporters.JUnitReportReporter -->
<testsuite hostname="DESKTOP-1A7N0B8" failures="0" tests="1" name="advertiser_testcases.LoginPageTest" time="16.150" errors="0" timestamp="2020-08-21T17:01:05 IST" skipped="0">
  <testcase classname="advertiser_testcases.LoginPageTest" name="advertiserlogin" time="16.150"/>
  <system-out/>
</testsuite> <!-- advertiser_testcases.LoginPageTest -->
