<?xml version="1.0" encoding="UTF-8"?>
<!-- Generated by org.testng.reporters.JUnitReportReporter -->
<testsuite hostname="DESKTOP-1A7N0B8" failures="0" tests="1" name="advertiser_testcases.Audience" time="36.933" errors="0" timestamp="13 Jul 2020 13:01:21 GMT">
  <testcase classname="advertiser_testcases.Audience" name="createAudience" time="36.933"/>
</testsuite> <!-- advertiser_testcases.Audience -->
